<?xml version="1.0" encoding="UTF-8"?>
<testsuite xmlns:xsi="http://www.w3.org/2001/XMLSchema-instance" xsi:noNamespaceSchemaLocation="https://maven.apache.org/surefire/maven-surefire-plugin/xsd/surefire-test-report-3.0.xsd" version="3.0" name="TestSuite" time="39.749" tests="2" errors="0" skipped="0" failures="0">
  <properties>
    <property name="gopherProxySet" value="false"/>
    <property name="awt.toolkit" value="sun.lwawt.macosx.LWCToolkit"/>
    <property name="file.encoding.pkg" value="sun.io"/>
    <property name="java.specification.version" value="1.8"/>
    <property name="webdriver.chrome.driver" value="Drivers/chromedriver"/>
    <property name="sun.cpu.isalist" value=""/>
    <property name="sun.jnu.encoding" value="UTF-8"/>
    <property name="java.class.path" value="/Users/tharanibabu/Desktop/Radha/SeleniumTestNGSkeleton/target/test-classes:/Users/tharanibabu/Desktop/Radha/SeleniumTestNGSkeleton/target/classes:/Users/tharanibabu/.m2/repository/org/testng/testng/6.9.8/testng-6.9.8.jar:/Users/tharanibabu/.m2/repository/org/beanshell/bsh/2.0b4/bsh-2.0b4.jar:/Users/tharanibabu/.m2/repository/com/beust/jcommander/1.48/jcommander-1.48.jar:/Users/tharanibabu/.m2/repository/org/seleniumhq/selenium/selenium-java/3.141.5/selenium-java-3.141.5.jar:/Users/tharanibabu/.m2/repository/org/seleniumhq/selenium/selenium-api/3.141.5/selenium-api-3.141.5.jar:/Users/tharanibabu/.m2/repository/org/seleniumhq/selenium/selenium-chrome-driver/3.141.5/selenium-chrome-driver-3.141.5.jar:/Users/tharanibabu/.m2/repository/org/seleniumhq/selenium/selenium-edge-driver/3.141.5/selenium-edge-driver-3.141.5.jar:/Users/tharanibabu/.m2/repository/org/seleniumhq/selenium/selenium-firefox-driver/3.141.5/selenium-firefox-driver-3.141.5.jar:/Users/tharanibabu/.m2/repository/org/seleniumhq/selenium/selenium-ie-driver/3.141.5/selenium-ie-driver-3.141.5.jar:/Users/tharanibabu/.m2/repository/org/seleniumhq/selenium/selenium-opera-driver/3.141.5/selenium-opera-driver-3.141.5.jar:/Users/tharanibabu/.m2/repository/org/seleniumhq/selenium/selenium-remote-driver/3.141.5/selenium-remote-driver-3.141.5.jar:/Users/tharanibabu/.m2/repository/org/seleniumhq/selenium/selenium-safari-driver/3.141.5/selenium-safari-driver-3.141.5.jar:/Users/tharanibabu/.m2/repository/org/seleniumhq/selenium/selenium-support/3.141.5/selenium-support-3.141.5.jar:/Users/tharanibabu/.m2/repository/net/bytebuddy/byte-buddy/1.8.15/byte-buddy-1.8.15.jar:/Users/tharanibabu/.m2/repository/org/apache/commons/commons-exec/1.3/commons-exec-1.3.jar:/Users/tharanibabu/.m2/repository/com/google/guava/guava/25.0-jre/guava-25.0-jre.jar:/Users/tharanibabu/.m2/repository/com/google/code/findbugs/jsr305/1.3.9/jsr305-1.3.9.jar:/Users/tharanibabu/.m2/repository/org/checkerframework/checker-compat-qual/2.0.0/checker-compat-qual-2.0.0.jar:/Users/tharanibabu/.m2/repository/com/google/errorprone/error_prone_annotations/2.1.3/error_prone_annotations-2.1.3.jar:/Users/tharanibabu/.m2/repository/com/google/j2objc/j2objc-annotations/1.1/j2objc-annotations-1.1.jar:/Users/tharanibabu/.m2/repository/org/codehaus/mojo/animal-sniffer-annotations/1.14/animal-sniffer-annotations-1.14.jar:/Users/tharanibabu/.m2/repository/com/squareup/okhttp3/okhttp/3.11.0/okhttp-3.11.0.jar:/Users/tharanibabu/.m2/repository/com/squareup/okio/okio/1.14.0/okio-1.14.0.jar:/Users/tharanibabu/.m2/repository/org/apache/logging/log4j/log4j-api/2.14.0/log4j-api-2.14.0.jar:/Users/tharanibabu/.m2/repository/org/apache/logging/log4j/log4j-core/2.14.0/log4j-core-2.14.0.jar:/Users/tharanibabu/.m2/repository/commons-io/commons-io/2.6/commons-io-2.6.jar:/Users/tharanibabu/.m2/repository/com/aventstack/extentreports/5.0.5/extentreports-5.0.5.jar:/Users/tharanibabu/.m2/repository/io/reactivex/rxjava3/rxjava/3.0.4/rxjava-3.0.4.jar:/Users/tharanibabu/.m2/repository/org/reactivestreams/reactive-streams/1.0.3/reactive-streams-1.0.3.jar:/Users/tharanibabu/.m2/repository/org/freemarker/freemarker/2.3.30/freemarker-2.3.30.jar:/Users/tharanibabu/.m2/repository/org/projectlombok/lombok/1.18.12/lombok-1.18.12.jar:/Users/tharanibabu/.m2/repository/com/google/code/gson/gson/2.8.6/gson-2.8.6.jar:"/>
    <property name="java.vm.vendor" value="Oracle Corporation"/>
    <property name="sun.arch.data.model" value="64"/>
    <property name="java.vendor.url" value="http://java.oracle.com/"/>
    <property name="user.timezone" value="Europe/London"/>
    <property name="java.vm.specification.version" value="1.8"/>
    <property name="os.name" value="Mac OS X"/>
    <property name="user.country" value="GB"/>
    <property name="sun.java.launcher" value="SUN_STANDARD"/>
    <property name="sun.boot.library.path" value="/Library/Java/JavaVirtualMachines/jdk1.8.0_171.jdk/Contents/Home/jre/lib"/>
    <property name="sun.java.command" value="/Users/tharanibabu/Desktop/Radha/SeleniumTestNGSkeleton/target/surefire/surefirebooter300432856089774767.jar /Users/tharanibabu/Desktop/Radha/SeleniumTestNGSkeleton/target/surefire 2021-02-26T09-40-40_844-jvmRun1 surefire28744219179408874tmp surefire_03866685535044866851tmp"/>
    <property name="http.nonProxyHosts" value="local|*.local|169.254/16|*.169.254/16"/>
    <property name="surefire.test.class.path" value="/Users/tharanibabu/Desktop/Radha/SeleniumTestNGSkeleton/target/test-classes:/Users/tharanibabu/Desktop/Radha/SeleniumTestNGSkeleton/target/classes:/Users/tharanibabu/.m2/repository/org/testng/testng/6.9.8/testng-6.9.8.jar:/Users/tharanibabu/.m2/repository/org/beanshell/bsh/2.0b4/bsh-2.0b4.jar:/Users/tharanibabu/.m2/repository/com/beust/jcommander/1.48/jcommander-1.48.jar:/Users/tharanibabu/.m2/repository/org/seleniumhq/selenium/selenium-java/3.141.5/selenium-java-3.141.5.jar:/Users/tharanibabu/.m2/repository/org/seleniumhq/selenium/selenium-api/3.141.5/selenium-api-3.141.5.jar:/Users/tharanibabu/.m2/repository/org/seleniumhq/selenium/selenium-chrome-driver/3.141.5/selenium-chrome-driver-3.141.5.jar:/Users/tharanibabu/.m2/repository/org/seleniumhq/selenium/selenium-edge-driver/3.141.5/selenium-edge-driver-3.141.5.jar:/Users/tharanibabu/.m2/repository/org/seleniumhq/selenium/selenium-firefox-driver/3.141.5/selenium-firefox-driver-3.141.5.jar:/Users/tharanibabu/.m2/repository/org/seleniumhq/selenium/selenium-ie-driver/3.141.5/selenium-ie-driver-3.141.5.jar:/Users/tharanibabu/.m2/repository/org/seleniumhq/selenium/selenium-opera-driver/3.141.5/selenium-opera-driver-3.141.5.jar:/Users/tharanibabu/.m2/repository/org/seleniumhq/selenium/selenium-remote-driver/3.141.5/selenium-remote-driver-3.141.5.jar:/Users/tharanibabu/.m2/repository/org/seleniumhq/selenium/selenium-safari-driver/3.141.5/selenium-safari-driver-3.141.5.jar:/Users/tharanibabu/.m2/repository/org/seleniumhq/selenium/selenium-support/3.141.5/selenium-support-3.141.5.jar:/Users/tharanibabu/.m2/repository/net/bytebuddy/byte-buddy/1.8.15/byte-buddy-1.8.15.jar:/Users/tharanibabu/.m2/repository/org/apache/commons/commons-exec/1.3/commons-exec-1.3.jar:/Users/tharanibabu/.m2/repository/com/google/guava/guava/25.0-jre/guava-25.0-jre.jar:/Users/tharanibabu/.m2/repository/com/google/code/findbugs/jsr305/1.3.9/jsr305-1.3.9.jar:/Users/tharanibabu/.m2/repository/org/checkerframework/checker-compat-qual/2.0.0/checker-compat-qual-2.0.0.jar:/Users/tharanibabu/.m2/repository/com/google/errorprone/error_prone_annotations/2.1.3/error_prone_annotations-2.1.3.jar:/Users/tharanibabu/.m2/repository/com/google/j2objc/j2objc-annotations/1.1/j2objc-annotations-1.1.jar:/Users/tharanibabu/.m2/repository/org/codehaus/mojo/animal-sniffer-annotations/1.14/animal-sniffer-annotations-1.14.jar:/Users/tharanibabu/.m2/repository/com/squareup/okhttp3/okhttp/3.11.0/okhttp-3.11.0.jar:/Users/tharanibabu/.m2/repository/com/squareup/okio/okio/1.14.0/okio-1.14.0.jar:/Users/tharanibabu/.m2/repository/org/apache/logging/log4j/log4j-api/2.14.0/log4j-api-2.14.0.jar:/Users/tharanibabu/.m2/repository/org/apache/logging/log4j/log4j-core/2.14.0/log4j-core-2.14.0.jar:/Users/tharanibabu/.m2/repository/commons-io/commons-io/2.6/commons-io-2.6.jar:/Users/tharanibabu/.m2/repository/com/aventstack/extentreports/5.0.5/extentreports-5.0.5.jar:/Users/tharanibabu/.m2/repository/io/reactivex/rxjava3/rxjava/3.0.4/rxjava-3.0.4.jar:/Users/tharanibabu/.m2/repository/org/reactivestreams/reactive-streams/1.0.3/reactive-streams-1.0.3.jar:/Users/tharanibabu/.m2/repository/org/freemarker/freemarker/2.3.30/freemarker-2.3.30.jar:/Users/tharanibabu/.m2/repository/org/projectlombok/lombok/1.18.12/lombok-1.18.12.jar:/Users/tharanibabu/.m2/repository/com/google/code/gson/gson/2.8.6/gson-2.8.6.jar:"/>
    <property name="sun.cpu.endian" value="little"/>
    <property name="user.home" value="/Users/tharanibabu"/>
    <property name="user.language" value="en"/>
    <property name="java.specification.vendor" value="Oracle Corporation"/>
    <property name="java.home" value="/Library/Java/JavaVirtualMachines/jdk1.8.0_171.jdk/Contents/Home/jre"/>
    <property name="basedir" value="/Users/tharanibabu/Desktop/Radha/SeleniumTestNGSkeleton"/>
    <property name="file.separator" value="/"/>
    <property name="line.separator" value="&#10;"/>
    <property name="java.vm.specification.vendor" value="Oracle Corporation"/>
    <property name="java.specification.name" value="Java Platform API Specification"/>
    <property name="java.awt.graphicsenv" value="sun.awt.CGraphicsEnvironment"/>
    <property name="surefire.real.class.path" value="/Users/tharanibabu/Desktop/Radha/SeleniumTestNGSkeleton/target/surefire/surefirebooter300432856089774767.jar"/>
    <property name="sun.boot.class.path" value="/Library/Java/JavaVirtualMachines/jdk1.8.0_171.jdk/Contents/Home/jre/lib/resources.jar:/Library/Java/JavaVirtualMachines/jdk1.8.0_171.jdk/Contents/Home/jre/lib/rt.jar:/Library/Java/JavaVirtualMachines/jdk1.8.0_171.jdk/Contents/Home/jre/lib/sunrsasign.jar:/Library/Java/JavaVirtualMachines/jdk1.8.0_171.jdk/Contents/Home/jre/lib/jsse.jar:/Library/Java/JavaVirtualMachines/jdk1.8.0_171.jdk/Contents/Home/jre/lib/jce.jar:/Library/Java/JavaVirtualMachines/jdk1.8.0_171.jdk/Contents/Home/jre/lib/charsets.jar:/Library/Java/JavaVirtualMachines/jdk1.8.0_171.jdk/Contents/Home/jre/lib/jfr.jar:/Library/Java/JavaVirtualMachines/jdk1.8.0_171.jdk/Contents/Home/jre/classes"/>
    <property name="sun.management.compiler" value="HotSpot 64-Bit Tiered Compilers"/>
    <property name="ftp.nonProxyHosts" value="local|*.local|169.254/16|*.169.254/16"/>
    <property name="java.runtime.version" value="1.8.0_171-b11"/>
    <property name="user.name" value="tharanibabu"/>
    <property name="path.separator" value=":"/>
    <property name="os.version" value="10.16"/>
    <property name="java.endorsed.dirs" value="/Library/Java/JavaVirtualMachines/jdk1.8.0_171.jdk/Contents/Home/jre/lib/endorsed"/>
    <property name="java.runtime.name" value="Java(TM) SE Runtime Environment"/>
    <property name="file.encoding" value="UTF-8"/>
    <property name="java.vm.name" value="Java HotSpot(TM) 64-Bit Server VM"/>
    <property name="localRepository" value="/Users/tharanibabu/.m2/repository"/>
    <property name="java.vendor.url.bug" value="http://bugreport.sun.com/bugreport/"/>
    <property name="java.io.tmpdir" value="/var/folders/q4/3_3qz3fx16qbn0k5p36f1phc0000gn/T/"/>
    <property name="idea.version" value="2017.1.5"/>
    <property name="java.version" value="1.8.0_171"/>
    <property name="user.dir" value="/Users/tharanibabu/Desktop/Radha/SeleniumTestNGSkeleton"/>
    <property name="os.arch" value="x86_64"/>
    <property name="java.vm.specification.name" value="Java Virtual Machine Specification"/>
    <property name="java.awt.printerjob" value="sun.lwawt.macosx.CPrinterJob"/>
    <property name="sun.os.patch.level" value="unknown"/>
    <property name="java.library.path" value="/Users/tharanibabu/Library/Java/Extensions:/Library/Java/Extensions:/Network/Library/Java/Extensions:/System/Library/Java/Extensions:/usr/lib/java:."/>
    <property name="java.vm.info" value="mixed mode"/>
    <property name="java.vendor" value="Oracle Corporation"/>
    <property name="java.vm.version" value="25.171-b11"/>
    <property name="java.ext.dirs" value="/Users/tharanibabu/Library/Java/Extensions:/Library/Java/JavaVirtualMachines/jdk1.8.0_171.jdk/Contents/Home/jre/lib/ext:/Library/Java/Extensions:/Network/Library/Java/Extensions:/System/Library/Java/Extensions:/usr/lib/java"/>
    <property name="sun.io.unicode.encoding" value="UnicodeBig"/>
    <property name="java.class.version" value="52.0"/>
    <property name="socksNonProxyHosts" value="local|*.local|169.254/16|*.169.254/16"/>
  </properties>
  <testcase name="productSearchTest" classname="ProductSearch" time="7.545">
    <system-out><![CDATA[[ThreadUtil] Starting executor timeOut:2147483647ms workers:2 threadPoolSize:5
]]></system-out>
    <system-err><![CDATA[SSttaarrttiinngg  CChhrroomemDeriDverr iv8e8r. 08.483.02.44.39264 .9(66 8d(6ba8d2dba8a20d8ba104b9a11d439aa1fda3ca5f6afca75466f4a8704326b4c8f04362b-brceff4s6/bbra-nrcehf-sh/eabdrsa/n4c3h2-4he@a{d#s1/74843}24)@ {#on1 p7o8r4t 3}12)3 9
oOnnl y ploocralt  co9n4n39ec
tOnlyi onlsoc aarle  coalnlneoctwioensd a.r
e Palleloawsee ds.e
ePl heattseps :see /ht/tcphsr:o/m/cehdrormiedvreivre.r.cchhrroommiiuum.mor.g/osreg/cseucurriittyy-c-oconsnsidiedreraattioinos nfs orfo rs usgugegsgetisonts iono nksee pionng  CkhreoempeiDrnivge Crh rsoamfeDe.r
iver safe.
CChrhormeDorimveerD was rstiarvteedr s uwccaesss fsultlya.r
ted successfully.
Feb 26, 2021 9:41:03 AM org.openqa.selenium.remote.ProtocolHandshake createSession
INFO: Detected dialect: W3C
Feb 26, 2021 9:41:03 AM org.openqa.selenium.remote.ProtocolHandshake createSession
INFO: Detected dialect: W3C
]]></system-err>
  </testcase>
  <testcase name="loginTest[abc@abc.com, abc](1)" classname="HomePageNavigation" time="9.146">
    <system-out><![CDATA[PASSED: productSearchTest

===============================================
    Search Tests
    Tests run: 1, Failures: 0, Skips: 0
===============================================

]]></system-out>
  </testcase>
</testsuite>