<?xml version="1.0" encoding="UTF-8"?>
<!-- Generated by org.testng.reporters.JUnitReportReporter -->
<testsuite hostname="TharaniabusMini" name="ProductSearch" tests="1" failures="0" timestamp="26 Feb 2021 09:41:22 GMT" time="7.574" errors="0">
  <testcase name="productSearchTest" time="7.574" classname="ProductSearch"/>
</testsuite> <!-- ProductSearch -->
