<?xml version="1.0" encoding="UTF-8"?>
<!-- Generated by org.testng.reporters.JUnitReportReporter -->
<testsuite hostname="TharaniabusMini" name="HomePageNavigation" tests="1" failures="0" timestamp="26 Feb 2021 09:41:22 GMT" time="9.176" errors="0">
  <testcase name="loginTest" time="9.176" classname="HomePageNavigation"/>
</testsuite> <!-- HomePageNavigation -->
